Determining if the pthread_create exist failed with the following output:
Change Dir: /panda_ws/build/CMakeFiles/CMakeTmp

Run Build Command:"/usr/bin/make" "cmTC_5ec57/fast"
/usr/bin/make -f CMakeFiles/cmTC_5ec57.dir/build.make CMakeFiles/cmTC_5ec57.dir/build
make[1]: Entering directory '/panda_ws/build/CMakeFiles/CMakeTmp'
Building C object CMakeFiles/cmTC_5ec57.dir/CheckSymbolExists.c.o
/usr/bin/cc    -o CMakeFiles/cmTC_5ec57.dir/CheckSymbolExists.c.o   -c /panda_ws/build/CMakeFiles/CMakeTmp/CheckSymbolExists.c
Linking C executable cmTC_5ec57
/usr/bin/cmake -E cmake_link_script CMakeFiles/cmTC_5ec57.dir/link.txt --verbose=1
/usr/bin/cc      -rdynamic CMakeFiles/cmTC_5ec57.dir/CheckSymbolExists.c.o  -o cmTC_5ec57 
CMakeFiles/cmTC_5ec57.dir/CheckSymbolExists.c.o: In function `main':
CheckSymbolExists.c:(.text+0x1b): undefined reference to `pthread_create'
collect2: error: ld returned 1 exit status
CMakeFiles/cmTC_5ec57.dir/build.make:97: recipe for target 'cmTC_5ec57' failed
make[1]: *** [cmTC_5ec57] Error 1
make[1]: Leaving directory '/panda_ws/build/CMakeFiles/CMakeTmp'
Makefile:126: recipe for target 'cmTC_5ec57/fast' failed
make: *** [cmTC_5ec57/fast] Error 2

File /panda_ws/build/CMakeFiles/CMakeTmp/CheckSymbolExists.c:
/* */
#include <pthread.h>

int main(int argc, char** argv)
{
  (void)argv;
#ifndef pthread_create
  return ((int*)(&pthread_create))[argc];
#else
  (void)argc;
  return 0;
#endif
}

Determining if the function pthread_create exists in the pthreads failed with the following output:
Change Dir: /panda_ws/build/CMakeFiles/CMakeTmp

Run Build Command:"/usr/bin/make" "cmTC_28523/fast"
/usr/bin/make -f CMakeFiles/cmTC_28523.dir/build.make CMakeFiles/cmTC_28523.dir/build
make[1]: Entering directory '/panda_ws/build/CMakeFiles/CMakeTmp'
Building C object CMakeFiles/cmTC_28523.dir/CheckFunctionExists.c.o
/usr/bin/cc   -DCHECK_FUNCTION_EXISTS=pthread_create   -o CMakeFiles/cmTC_28523.dir/CheckFunctionExists.c.o   -c /usr/share/cmake-3.10/Modules/CheckFunctionExists.c
Linking C executable cmTC_28523
/usr/bin/cmake -E cmake_link_script CMakeFiles/cmTC_28523.dir/link.txt --verbose=1
/usr/bin/cc  -DCHECK_FUNCTION_EXISTS=pthread_create    -rdynamic CMakeFiles/cmTC_28523.dir/CheckFunctionExists.c.o  -o cmTC_28523 -lpthreads 
/usr/bin/ld: cannot find -lpthreads
collect2: error: ld returned 1 exit status
CMakeFiles/cmTC_28523.dir/build.make:97: recipe for target 'cmTC_28523' failed
make[1]: *** [cmTC_28523] Error 1
make[1]: Leaving directory '/panda_ws/build/CMakeFiles/CMakeTmp'
Makefile:126: recipe for target 'cmTC_28523/fast' failed
make: *** [cmTC_28523/fast] Error 2


